[2025-08-11T03:58:35.988Z] 🚀 开始数据同步任务...
[2025-08-11T03:58:35.989Z] 📋 加载进度: 已完成 2 个品牌
[2025-08-11T03:58:35.990Z] 📊 本次处理 119 个品牌（完整更新）
[2025-08-11T03:58:35.990Z] 
🚗 处理品牌 ID: Volkswagen (1/119)
[2025-08-11T03:59:40.702Z] ✅ 品牌 Volkswagen 完成
[2025-08-11T03:59:40.703Z] 💾 进度已保存
[2025-08-11T03:59:41.504Z] 
🚗 处理品牌 ID: Audi (2/119)
[2025-08-11T04:01:00.122Z] ✅ 品牌 Audi 完成
[2025-08-11T04:01:00.122Z] 💾 进度已保存
[2025-08-11T04:01:00.922Z] 
🚗 处理品牌 ID: Benz (3/119)
[2025-08-11T04:02:22.970Z] ✅ 品牌 Benz 完成
[2025-08-11T04:02:22.970Z] 💾 进度已保存
[2025-08-11T04:02:23.771Z] 
🚗 处理品牌 ID: BMW (4/119)
[2025-08-11T04:03:19.846Z] ✅ 品牌 BMW 完成
[2025-08-11T04:03:19.846Z] 💾 进度已保存
[2025-08-11T04:03:20.647Z] 
🚗 处理品牌 ID: Toyota (5/119)
[2025-08-11T04:04:18.173Z] ✅ 品牌 Toyota 完成
[2025-08-11T04:04:18.173Z] 💾 进度已保存
[2025-08-11T04:04:18.974Z] 
🚗 处理品牌 ID: Ford (6/119)
[2025-08-11T04:04:54.299Z] ✅ 品牌 Ford 完成
[2025-08-11T04:04:54.299Z] 💾 进度已保存
[2025-08-11T04:04:55.100Z] 
🚗 处理品牌 ID: Honda (7/119)
[2025-08-11T04:05:48.879Z] ✅ 品牌 Honda 完成
[2025-08-11T04:05:48.880Z] 💾 进度已保存
[2025-08-11T04:05:49.681Z] 
🚗 处理品牌 ID: GWM (8/119)
[2025-08-11T04:06:08.386Z] ✅ 品牌 GWM 完成
[2025-08-11T04:06:08.386Z] 💾 进度已保存
[2025-08-11T04:06:09.187Z] 
🚗 处理品牌 ID: Changan (9/119)
[2025-08-11T04:06:57.406Z] ✅ 品牌 Changan 完成
[2025-08-11T04:06:57.406Z] 💾 进度已保存
[2025-08-11T04:06:58.207Z] 
🚗 处理品牌 ID: Chery (10/119)
[2025-08-11T04:08:15.680Z] ✅ 品牌 Chery 完成
[2025-08-11T04:08:15.680Z] 💾 进度已保存
[2025-08-11T04:08:16.481Z] 
🚗 处理品牌 ID: Buick (11/119)
[2025-08-11T04:09:25.459Z] ✅ 品牌 Buick 完成
[2025-08-11T04:09:25.459Z] 💾 进度已保存
[2025-08-11T04:09:26.260Z] 
🚗 处理品牌 ID: Jeep (12/119)
[2025-08-11T04:09:39.804Z] ✅ 品牌 Jeep 完成
[2025-08-11T04:09:39.804Z] 💾 进度已保存
[2025-08-11T04:09:40.605Z] 
🚗 处理品牌 ID: Mazda (13/119)
[2025-08-11T04:09:58.832Z] ✅ 品牌 Mazda 完成
[2025-08-11T04:09:58.832Z] 💾 进度已保存
[2025-08-11T04:09:59.633Z] 
🚗 处理品牌 ID: Kia (14/119)
[2025-08-11T04:10:24.920Z] ✅ 品牌 Kia 完成
[2025-08-11T04:10:24.921Z] 💾 进度已保存
[2025-08-11T04:10:25.722Z] 
🚗 处理品牌 ID: LandRover (15/119)
[2025-08-11T04:10:44.230Z] ✅ 品牌 LandRover 完成
[2025-08-11T04:10:44.230Z] 💾 进度已保存
[2025-08-11T04:10:45.030Z] 
🚗 处理品牌 ID: BYD (16/119)
[2025-08-11T04:11:59.031Z] ✅ 品牌 BYD 完成
[2025-08-11T04:11:59.031Z] 💾 进度已保存
[2025-08-11T04:11:59.832Z] 
🚗 处理品牌 ID: Haval (17/119)
[2025-08-11T04:12:29.376Z] ✅ 品牌 Haval 完成
[2025-08-11T04:12:29.376Z] 💾 进度已保存
[2025-08-11T04:12:30.177Z] 
🚗 处理品牌 ID: Bestune (18/119)
[2025-08-11T04:12:58.354Z] ✅ 品牌 Bestune 完成
[2025-08-11T04:12:58.354Z] 💾 进度已保存
[2025-08-11T04:12:59.155Z] 
🚗 处理品牌 ID: Porsche (19/119)
[2025-08-11T04:13:28.051Z] ✅ 品牌 Porsche 完成
[2025-08-11T04:13:28.051Z] 💾 进度已保存
[2025-08-11T04:13:28.852Z] 
🚗 处理品牌 ID: Lexus (20/119)
[2025-08-11T04:13:54.917Z] ✅ 品牌 Lexus 完成
[2025-08-11T04:13:54.917Z] 💾 进度已保存
[2025-08-11T04:13:55.718Z] 
🚗 处理品牌 ID: Lincoln (21/119)
[2025-08-11T04:14:13.682Z] ✅ 品牌 Lincoln 完成
[2025-08-11T04:14:13.682Z] 💾 进度已保存
[2025-08-11T04:14:14.483Z] 
🚗 处理品牌 ID: Bentley (22/119)
[2025-08-11T04:14:32.771Z] ✅ 品牌 Bentley 完成
[2025-08-11T04:14:32.772Z] 💾 进度已保存
[2025-08-11T04:14:33.573Z] 
🚗 处理品牌 ID: RollsRoyce (23/119)
[2025-08-11T04:14:51.056Z] ✅ 品牌 RollsRoyce 完成
[2025-08-11T04:14:51.056Z] 💾 进度已保存
[2025-08-11T04:14:51.857Z] 
🚗 处理品牌 ID: Lamborghini (24/119)
[2025-08-11T04:15:08.979Z] ✅ 品牌 Lamborghini 完成
[2025-08-11T04:15:08.979Z] 💾 进度已保存
[2025-08-11T04:15:09.780Z] 
🚗 处理品牌 ID: Ferrari (25/119)
[2025-08-11T04:15:25.411Z] ✅ 品牌 Ferrari 完成
[2025-08-11T04:15:25.411Z] 💾 进度已保存
[2025-08-11T04:15:26.211Z] 
🚗 处理品牌 ID: Maserati (26/119)
[2025-08-11T04:15:47.877Z] ✅ 品牌 Maserati 完成
[2025-08-11T04:15:47.877Z] 💾 进度已保存
[2025-08-11T04:15:48.678Z] 
🚗 处理品牌 ID: AstonMartin (27/119)
[2025-08-11T04:16:07.755Z] ✅ 品牌 AstonMartin 完成
[2025-08-11T04:16:07.755Z] 💾 进度已保存
[2025-08-11T04:16:08.556Z] 
🚗 处理品牌 ID: AlfaRomeo (28/119)
[2025-08-11T04:16:24.786Z] ✅ 品牌 AlfaRomeo 完成
[2025-08-11T04:16:24.786Z] 💾 进度已保存
[2025-08-11T04:16:25.586Z] 
🚗 处理品牌 ID: Cadillac (29/119)
[2025-08-11T04:16:46.602Z] ✅ 品牌 Cadillac 完成
[2025-08-11T04:16:46.602Z] 💾 进度已保存
[2025-08-11T04:16:47.403Z] 
🚗 处理品牌 ID: Jaguar (30/119)
[2025-08-11T04:17:03.431Z] ✅ 品牌 Jaguar 完成
[2025-08-11T04:17:03.432Z] 💾 进度已保存
[2025-08-11T04:17:04.233Z] 
🚗 处理品牌 ID: Peugeot (31/119)
[2025-08-11T04:17:22.767Z] ✅ 品牌 Peugeot 完成
[2025-08-11T04:17:22.767Z] 💾 进度已保存
[2025-08-11T04:17:23.568Z] 
🚗 处理品牌 ID: Mini (32/119)
[2025-08-11T04:17:41.587Z] ✅ 品牌 Mini 完成
[2025-08-11T04:17:41.587Z] 💾 进度已保存
[2025-08-11T04:17:42.388Z] 
🚗 处理品牌 ID: McLaren (33/119)
[2025-08-11T04:17:54.528Z] ✅ 品牌 McLaren 完成
[2025-08-11T04:17:54.529Z] 💾 进度已保存
[2025-08-11T04:17:55.330Z] 
🚗 处理品牌 ID: Lotus (34/119)
[2025-08-11T04:18:10.912Z] ✅ 品牌 Lotus 完成
[2025-08-11T04:18:10.912Z] 💾 进度已保存
[2025-08-11T04:18:11.713Z] 
🚗 处理品牌 ID: ChanganNevo (35/119)
[2025-08-11T04:18:31.939Z] ✅ 品牌 ChanganNevo 完成
[2025-08-11T04:18:31.940Z] 💾 进度已保存
[2025-08-11T04:18:32.741Z] 
🚗 处理品牌 ID: Hongqi (36/119)
[2025-08-11T04:19:16.074Z] ✅ 品牌 Hongqi 完成
[2025-08-11T04:19:16.075Z] 💾 进度已保存
[2025-08-11T04:19:16.876Z] 
🚗 处理品牌 ID: Nio (37/119)
[2025-08-11T04:19:21.461Z] ✅ 品牌 Nio 完成
[2025-08-11T04:19:21.461Z] 💾 进度已保存
[2025-08-11T04:19:22.262Z] 
🚗 处理品牌 ID: Xpeng (38/119)
[2025-08-11T04:19:26.123Z] ✅ 品牌 Xpeng 完成
[2025-08-11T04:19:26.124Z] 💾 进度已保存
[2025-08-11T04:19:26.925Z] 
🚗 处理品牌 ID: LiAuto (39/119)
[2025-08-11T04:19:44.994Z] ✅ 品牌 LiAuto 完成
[2025-08-11T04:19:44.994Z] 💾 进度已保存
[2025-08-11T04:19:45.795Z] 
🚗 处理品牌 ID: Zeekr (40/119)
[2025-08-11T04:20:05.890Z] ✅ 品牌 Zeekr 完成
[2025-08-11T04:20:05.891Z] 💾 进度已保存
[2025-08-11T04:20:06.691Z] 
🚗 处理品牌 ID: Leapmotor (41/119)
[2025-08-11T04:20:27.308Z] ✅ 品牌 Leapmotor 完成
[2025-08-11T04:20:27.308Z] 💾 进度已保存
[2025-08-11T04:20:28.109Z] 
🚗 处理品牌 ID: Neta (42/119)
[2025-08-11T04:20:49.316Z] ✅ 品牌 Neta 完成
[2025-08-11T04:20:49.317Z] 💾 进度已保存
[2025-08-11T04:20:50.118Z] 
🚗 处理品牌 ID: IM (43/119)
[2025-08-11T04:21:03.678Z] ✅ 品牌 IM 完成
[2025-08-11T04:21:03.678Z] 💾 进度已保存
[2025-08-11T04:21:04.478Z] 
🚗 处理品牌 ID: Avatr (44/119)
[2025-08-11T04:21:17.268Z] ✅ 品牌 Avatr 完成
[2025-08-11T04:21:17.268Z] 💾 进度已保存
[2025-08-11T04:21:18.069Z] 
🚗 处理品牌 ID: Deepal (45/119)
[2025-08-11T04:21:18.070Z] ✅ 品牌 Deepal 完成
[2025-08-11T04:21:18.070Z] 💾 进度已保存
[2025-08-11T04:21:18.871Z] 
🚗 处理品牌 ID: Denza (46/119)
[2025-08-11T04:21:18.872Z] ✅ 品牌 Denza 完成
[2025-08-11T04:21:18.872Z] 💾 进度已保存
[2025-08-11T04:21:19.672Z] 
🚗 处理品牌 ID: Aion (47/119)
[2025-08-11T04:21:37.914Z] ✅ 品牌 Aion 完成
[2025-08-11T04:21:37.914Z] 💾 进度已保存
[2025-08-11T04:21:38.715Z] 
🚗 处理品牌 ID: Arcfox (48/119)
[2025-08-11T04:22:00.119Z] ✅ 品牌 Arcfox 完成
[2025-08-11T04:22:00.119Z] 💾 进度已保存
[2025-08-11T04:22:00.920Z] 
🚗 处理品牌 ID: Dongfeng (49/119)
[2025-08-11T04:22:23.123Z] ✅ 品牌 Dongfeng 完成
[2025-08-11T04:22:23.123Z] 💾 进度已保存
[2025-08-11T04:22:23.924Z] 
🚗 处理品牌 ID: FAW (50/119)
[2025-08-11T04:22:23.924Z] ✅ 品牌 FAW 完成
[2025-08-11T04:22:23.924Z] 💾 进度已保存
[2025-08-11T04:22:24.725Z] 
🚗 处理品牌 ID: Geely (51/119)
[2025-08-11T04:22:50.730Z] ✅ 品牌 Geely 完成
[2025-08-11T04:22:50.730Z] 💾 进度已保存
[2025-08-11T04:22:51.531Z] 
🚗 处理品牌 ID: GeelyGalaxy (52/119)
[2025-08-11T04:23:16.249Z] ✅ 品牌 GeelyGalaxy 完成
[2025-08-11T04:23:16.249Z] 💾 进度已保存
[2025-08-11T04:23:17.050Z] 
🚗 处理品牌 ID: LynkCo (53/119)
[2025-08-11T04:23:47.327Z] ✅ 品牌 LynkCo 完成
[2025-08-11T04:23:47.327Z] 💾 进度已保存
[2025-08-11T04:23:48.128Z] 
🚗 处理品牌 ID: Roewe (54/119)
[2025-08-11T04:24:16.052Z] ✅ 品牌 Roewe 完成
[2025-08-11T04:24:16.052Z] 💾 进度已保存
[2025-08-11T04:24:16.853Z] 
🚗 处理品牌 ID: Trumpchi (55/119)
[2025-08-11T04:24:47.651Z] ✅ 品牌 Trumpchi 完成
[2025-08-11T04:24:47.651Z] 💾 进度已保存
[2025-08-11T04:24:48.452Z] 
🚗 处理品牌 ID: Jetour (56/119)
[2025-08-11T04:25:40.754Z] ✅ 品牌 Jetour 完成
[2025-08-11T04:25:40.754Z] 💾 进度已保存
[2025-08-11T04:25:41.555Z] 
🚗 处理品牌 ID: JAC (57/119)
[2025-08-11T04:26:09.814Z] ✅ 品牌 JAC 完成
[2025-08-11T04:26:09.814Z] 💾 进度已保存
[2025-08-11T04:26:10.615Z] 
🚗 处理品牌 ID: JMC (58/119)
[2025-08-11T04:26:31.653Z] ✅ 品牌 JMC 完成
[2025-08-11T04:26:31.653Z] 💾 进度已保存
[2025-08-11T04:26:32.454Z] 
🚗 处理品牌 ID: Foton (59/119)
[2025-08-11T04:27:11.184Z] ✅ 品牌 Foton 完成
[2025-08-11T04:27:11.184Z] 💾 进度已保存
[2025-08-11T04:27:11.985Z] 
🚗 处理品牌 ID: Forthing (60/119)
[2025-08-11T04:27:39.907Z] ✅ 品牌 Forthing 完成
[2025-08-11T04:27:39.907Z] 💾 进度已保存
[2025-08-11T04:27:40.708Z] 
🚗 处理品牌 ID: FormulaLeopard (61/119)
[2025-08-11T04:27:54.573Z] ✅ 品牌 FormulaLeopard 完成
[2025-08-11T04:27:54.573Z] 💾 进度已保存
[2025-08-11T04:27:55.374Z] 
🚗 处理品牌 ID: Firefly (62/119)
[2025-08-11T04:28:07.927Z] ✅ 品牌 Firefly 完成
[2025-08-11T04:28:07.927Z] 💾 进度已保存
[2025-08-11T04:28:08.728Z] 
🚗 处理品牌 ID: Hama (63/119)
[2025-08-11T04:28:23.691Z] ✅ 品牌 Hama 完成
[2025-08-11T04:28:23.691Z] 💾 进度已保存
[2025-08-11T04:28:24.492Z] 
🚗 处理品牌 ID: Hengchi (64/119)
[2025-08-11T04:28:35.788Z] ✅ 品牌 Hengchi 完成
[2025-08-11T04:28:35.788Z] 💾 进度已保存
[2025-08-11T04:28:36.589Z] 
🚗 处理品牌 ID: GMC (65/119)
[2025-08-11T04:28:50.951Z] ✅ 品牌 GMC 完成
[2025-08-11T04:28:50.951Z] 💾 进度已保存
[2025-08-11T04:28:51.752Z] 
🚗 处理品牌 ID: Genesis (66/119)
[2025-08-11T04:29:11.548Z] ✅ 品牌 Genesis 完成
[2025-08-11T04:29:11.548Z] 💾 进度已保存
[2025-08-11T04:29:12.349Z] 
🚗 处理品牌 ID: Hyundai (67/119)
[2025-08-11T04:29:12.350Z] ✅ 品牌 Hyundai 完成
[2025-08-11T04:29:12.350Z] 💾 进度已保存
[2025-08-11T04:29:13.151Z] 
🚗 处理品牌 ID: Infiniti (68/119)
[2025-08-11T04:29:13.152Z] ✅ 品牌 Infiniti 完成
[2025-08-11T04:29:13.152Z] 💾 进度已保存
[2025-08-11T04:29:13.953Z] 
🚗 处理品牌 ID: Nissan (69/119)
[2025-08-11T04:29:38.890Z] ✅ 品牌 Nissan 完成
[2025-08-11T04:29:38.891Z] 💾 进度已保存
[2025-08-11T04:29:39.692Z] 
🚗 处理品牌 ID: Subaru (70/119)
[2025-08-11T04:29:57.286Z] ✅ 品牌 Subaru 完成
[2025-08-11T04:29:57.287Z] 💾 进度已保存
[2025-08-11T04:29:58.088Z] 
🚗 处理品牌 ID: Mitsubishi (71/119)
[2025-08-11T04:29:58.088Z] ✅ 品牌 Mitsubishi 完成
[2025-08-11T04:29:58.088Z] 💾 进度已保存
[2025-08-11T04:29:58.889Z] 
🚗 处理品牌 ID: Suzuki (72/119)
[2025-08-11T04:30:26.313Z] ✅ 品牌 Suzuki 完成
[2025-08-11T04:30:26.313Z] 💾 进度已保存
[2025-08-11T04:30:27.114Z] 
🚗 处理品牌 ID: Daihatsu (73/119)
[2025-08-11T04:30:27.115Z] ✅ 品牌 Daihatsu 完成
[2025-08-11T04:30:27.115Z] 💾 进度已保存
[2025-08-11T04:30:27.916Z] 
🚗 处理品牌 ID: Isuzu (74/119)
[2025-08-11T04:30:27.916Z] ✅ 品牌 Isuzu 完成
[2025-08-11T04:30:27.916Z] 💾 进度已保存
[2025-08-11T04:30:28.717Z] 
🚗 处理品牌 ID: Volvo (75/119)
[2025-08-11T04:30:44.033Z] ✅ 品牌 Volvo 完成
[2025-08-11T04:30:44.033Z] 💾 进度已保存
[2025-08-11T04:30:44.834Z] 
🚗 处理品牌 ID: Skoda (76/119)
[2025-08-11T04:31:11.223Z] ✅ 品牌 Skoda 完成
[2025-08-11T04:31:11.224Z] 💾 进度已保存
[2025-08-11T04:31:12.025Z] 
🚗 处理品牌 ID: Seat (77/119)
[2025-08-11T04:31:12.025Z] ✅ 品牌 Seat 完成
[2025-08-11T04:31:12.025Z] 💾 进度已保存
[2025-08-11T04:31:12.826Z] 
🚗 处理品牌 ID: Citroen (78/119)
[2025-08-11T04:31:12.827Z] ✅ 品牌 Citroen 完成
[2025-08-11T04:31:12.827Z] 💾 进度已保存
[2025-08-11T04:31:13.628Z] 
🚗 处理品牌 ID: DS (79/119)
[2025-08-11T04:31:31.531Z] ✅ 品牌 DS 完成
[2025-08-11T04:31:31.531Z] 💾 进度已保存
[2025-08-11T04:31:32.332Z] 
🚗 处理品牌 ID: Renault (80/119)
[2025-08-11T04:31:48.480Z] ✅ 品牌 Renault 完成
[2025-08-11T04:31:48.480Z] 💾 进度已保存
[2025-08-11T04:31:49.281Z] 
🚗 处理品牌 ID: Fiat (81/119)
[2025-08-11T04:31:49.282Z] ✅ 品牌 Fiat 完成
[2025-08-11T04:31:49.282Z] 💾 进度已保存
[2025-08-11T04:31:50.083Z] 
🚗 处理品牌 ID: Lancia (82/119)
[2025-08-11T04:31:50.083Z] ✅ 品牌 Lancia 完成
[2025-08-11T04:31:50.083Z] 💾 进度已保存
[2025-08-11T04:31:50.884Z] 
🚗 处理品牌 ID: Opel (83/119)
[2025-08-11T04:32:16.153Z] ✅ 品牌 Opel 完成
[2025-08-11T04:32:16.153Z] 💾 进度已保存
[2025-08-11T04:32:16.954Z] 
🚗 处理品牌 ID: Vauxhall (84/119)
[2025-08-11T04:32:16.955Z] ✅ 品牌 Vauxhall 完成
[2025-08-11T04:32:16.955Z] 💾 进度已保存
[2025-08-11T04:32:17.756Z] 
🚗 处理品牌 ID: Saab (85/119)
[2025-08-11T04:32:17.756Z] ✅ 品牌 Saab 完成
[2025-08-11T04:32:17.756Z] 💾 进度已保存
[2025-08-11T04:32:18.557Z] 
🚗 处理品牌 ID: Koenigsegg (86/119)
[2025-08-11T04:32:30.485Z] ✅ 品牌 Koenigsegg 完成
[2025-08-11T04:32:30.485Z] 💾 进度已保存
[2025-08-11T04:32:31.285Z] 
🚗 处理品牌 ID: Polestar (87/119)
[2025-08-11T04:32:46.194Z] ✅ 品牌 Polestar 完成
[2025-08-11T04:32:46.194Z] 💾 进度已保存
[2025-08-11T04:32:46.995Z] 
🚗 处理品牌 ID: Smart (88/119)
[2025-08-11T04:33:04.269Z] ✅ 品牌 Smart 完成
[2025-08-11T04:33:04.269Z] 💾 进度已保存
[2025-08-11T04:33:05.070Z] 
🚗 处理品牌 ID: Wuling (89/119)
[2025-08-11T04:34:00.499Z] ✅ 品牌 Wuling 完成
[2025-08-11T04:34:00.499Z] 💾 进度已保存
[2025-08-11T04:34:01.300Z] 
🚗 处理品牌 ID: Baojun (90/119)
[2025-08-11T04:34:25.132Z] ✅ 品牌 Baojun 完成
[2025-08-11T04:34:25.132Z] 💾 进度已保存
[2025-08-11T04:34:25.933Z] 
🚗 处理品牌 ID: Ora (91/119)
[2025-08-11T04:34:44.005Z] ✅ 品牌 Ora 完成
[2025-08-11T04:34:44.005Z] 💾 进度已保存
[2025-08-11T04:34:44.806Z] 
🚗 处理品牌 ID: Tank (92/119)
[2025-08-11T04:34:44.807Z] ✅ 品牌 Tank 完成
[2025-08-11T04:34:44.807Z] 💾 进度已保存
[2025-08-11T04:34:45.608Z] 
🚗 处理品牌 ID: Wey (93/119)
[2025-08-11T04:35:12.902Z] ✅ 品牌 Wey 完成
[2025-08-11T04:35:12.903Z] 💾 进度已保存
[2025-08-11T04:35:13.704Z] 
🚗 处理品牌 ID: Voyah (94/119)
[2025-08-11T04:35:33.020Z] ✅ 品牌 Voyah 完成
[2025-08-11T04:35:33.020Z] 💾 进度已保存
[2025-08-11T04:35:33.821Z] 
🚗 处理品牌 ID: Yangwang (95/119)
[2025-08-11T04:35:47.155Z] ✅ 品牌 Yangwang 完成
[2025-08-11T04:35:47.155Z] 💾 进度已保存
[2025-08-11T04:35:47.955Z] 
🚗 处理品牌 ID: Xiaomi (96/119)
[2025-08-11T04:35:47.956Z] ✅ 品牌 Xiaomi 完成
[2025-08-11T04:35:47.956Z] 💾 进度已保存
[2025-08-11T04:35:48.757Z] 
🚗 处理品牌 ID: iCAR (97/119)
[2025-08-11T04:36:01.456Z] ✅ 品牌 iCAR 完成
[2025-08-11T04:36:01.457Z] 💾 进度已保存
[2025-08-11T04:36:02.258Z] 
🚗 处理品牌 ID: Luxeed (98/119)
[2025-08-11T04:36:14.395Z] ✅ 品牌 Luxeed 完成
[2025-08-11T04:36:14.395Z] 💾 进度已保存
[2025-08-11T04:36:15.196Z] 
🚗 处理品牌 ID: Stelato (99/119)
[2025-08-11T04:36:15.196Z] ✅ 品牌 Stelato 完成
[2025-08-11T04:36:15.196Z] 💾 进度已保存
[2025-08-11T04:36:15.997Z] 
🚗 处理品牌 ID: Onvo (100/119)
[2025-08-11T04:36:29.070Z] ✅ 品牌 Onvo 完成
[2025-08-11T04:36:29.070Z] 💾 进度已保存
[2025-08-11T04:36:29.871Z] 
🚗 处理品牌 ID: RisingAuto (101/119)
[2025-08-11T04:36:45.154Z] ✅ 品牌 RisingAuto 完成
[2025-08-11T04:36:45.154Z] 💾 进度已保存
[2025-08-11T04:36:45.955Z] 
🚗 处理品牌 ID: Rox (102/119)
[2025-08-11T04:36:56.417Z] ✅ 品牌 Rox 完成
[2025-08-11T04:36:56.417Z] 💾 进度已保存
[2025-08-11T04:36:57.218Z] 
🚗 处理品牌 ID: Maextro (103/119)
[2025-08-11T04:37:08.975Z] ✅ 品牌 Maextro 完成
[2025-08-11T04:37:08.975Z] 💾 进度已保存
[2025-08-11T04:37:09.776Z] 
🚗 处理品牌 ID: Landian (104/119)
[2025-08-11T04:37:22.478Z] ✅ 品牌 Landian 完成
[2025-08-11T04:37:22.478Z] 💾 进度已保存
[2025-08-11T04:37:23.279Z] 
🚗 处理品牌 ID: Kaicene (105/119)
[2025-08-11T04:37:45.690Z] ✅ 品牌 Kaicene 完成
[2025-08-11T04:37:45.690Z] 💾 进度已保存
[2025-08-11T04:37:46.491Z] 
🚗 处理品牌 ID: Kaiyi (106/119)
[2025-08-11T04:38:07.134Z] ✅ 品牌 Kaiyi 完成
[2025-08-11T04:38:07.134Z] 💾 进度已保存
[2025-08-11T04:38:07.935Z] 
🚗 处理品牌 ID: Mhero (107/119)
[2025-08-11T04:38:19.868Z] ✅ 品牌 Mhero 完成
[2025-08-11T04:38:19.868Z] 💾 进度已保存
[2025-08-11T04:38:20.669Z] 
🚗 处理品牌 ID: Nami (108/119)
[2025-08-11T04:38:32.107Z] ✅ 品牌 Nami 完成
[2025-08-11T04:38:32.107Z] 💾 进度已保存
[2025-08-11T04:38:32.908Z] 
🚗 处理品牌 ID: Geome (109/119)
[2025-08-11T04:38:51.895Z] ✅ 品牌 Geome 完成
[2025-08-11T04:38:51.895Z] 💾 进度已保存
[2025-08-11T04:38:52.696Z] 
🚗 处理品牌 ID: Livan (110/119)
[2025-08-11T04:38:52.696Z] ✅ 品牌 Livan 完成
[2025-08-11T04:38:52.697Z] 💾 进度已保存
[2025-08-11T04:38:53.498Z] 
🚗 处理品牌 ID: Fengon (111/119)
[2025-08-11T04:39:20.540Z] ✅ 品牌 Fengon 完成
[2025-08-11T04:39:20.540Z] 💾 进度已保存
[2025-08-11T04:39:21.341Z] 
🚗 处理品牌 ID: BJSUV (112/119)
[2025-08-11T04:39:42.121Z] ✅ 品牌 BJSUV 完成
[2025-08-11T04:39:42.121Z] 💾 进度已保存
[2025-08-11T04:39:42.922Z] 
🚗 处理品牌 ID: BAW (113/119)
[2025-08-11T04:40:08.031Z] ✅ 品牌 BAW 完成
[2025-08-11T04:40:08.032Z] 💾 进度已保存
[2025-08-11T04:40:08.833Z] 
🚗 处理品牌 ID: BAIC (114/119)
[2025-08-11T04:40:30.147Z] ✅ 品牌 BAIC 完成
[2025-08-11T04:40:30.147Z] 💾 进度已保存
[2025-08-11T04:40:30.948Z] 
🚗 处理品牌 ID: Aeolus (115/119)
[2025-08-11T04:40:55.062Z] ✅ 品牌 Aeolus 完成
[2025-08-11T04:40:55.062Z] 💾 进度已保存
[2025-08-11T04:40:55.863Z] 
🚗 处理品牌 ID: Aito (116/119)
[2025-08-11T04:41:09.105Z] ✅ 品牌 Aito 完成
[2025-08-11T04:41:09.105Z] 💾 进度已保存
[2025-08-11T04:41:09.906Z] 
🚗 处理品牌 ID: eπ (117/119)
[2025-08-11T04:41:22.979Z] ✅ 品牌 eπ 完成
[2025-08-11T04:41:22.980Z] 💾 进度已保存
[2025-08-11T04:41:23.781Z] 
🚗 处理品牌 ID: Hycan (118/119)
[2025-08-11T04:41:35.445Z] ✅ 品牌 Hycan 完成
[2025-08-11T04:41:35.446Z] 💾 进度已保存
[2025-08-11T04:41:36.247Z] 
🚗 处理品牌 ID: Hyper (119/119)
[2025-08-11T04:41:52.162Z] ✅ 品牌 Hyper 完成
[2025-08-11T04:41:52.162Z] 💾 进度已保存
[2025-08-11T04:41:52.963Z] 
🎉 数据同步任务完成!
[2025-08-11T04:41:52.964Z] ⏱️  总耗时: 2597 秒
[2025-08-11T04:41:52.964Z] ✅ 成功: 119 个品牌
[2025-08-11T04:41:52.964Z] ❌ 失败: 0 个品牌
[2025-08-11T04:41:52.964Z] 📊 执行报告已保存: /home/runner/work/Car-Quote/Car-Quote/data-processor/weekly-report-2025-08-11.json
[2025-08-18T01:13:47.017Z] 🚀 开始数据同步任务...
[2025-08-18T01:13:47.019Z] 📋 加载进度: 已完成 114 个品牌
[2025-08-18T01:13:47.025Z] 📊 本次处理 118 个品牌（完整更新）
[2025-08-18T01:13:47.026Z] 
🚗 处理品牌 ID: Volkswagen (1/118)
[2025-08-18T01:14:53.624Z] ✅ 品牌 Volkswagen 完成
[2025-08-18T01:14:53.625Z] 💾 进度已保存
[2025-08-18T01:14:54.425Z] 
🚗 处理品牌 ID: Audi (2/118)
[2025-08-18T01:16:09.550Z] ✅ 品牌 Audi 完成
[2025-08-18T01:16:09.550Z] 💾 进度已保存
[2025-08-18T01:16:10.350Z] 
🚗 处理品牌 ID: Benz (3/118)
[2025-08-18T01:17:31.376Z] ✅ 品牌 Benz 完成
[2025-08-18T01:17:31.376Z] 💾 进度已保存
[2025-08-18T01:17:32.177Z] 
🚗 处理品牌 ID: BMW (4/118)
[2025-08-18T01:18:28.725Z] ✅ 品牌 BMW 完成
[2025-08-18T01:18:28.725Z] 💾 进度已保存
[2025-08-18T01:18:29.527Z] 
🚗 处理品牌 ID: Toyota (5/118)
[2025-08-18T01:19:24.754Z] ✅ 品牌 Toyota 完成
[2025-08-18T01:19:24.754Z] 💾 进度已保存
[2025-08-18T01:19:25.555Z] 
🚗 处理品牌 ID: Ford (6/118)
[2025-08-18T01:20:01.615Z] ✅ 品牌 Ford 完成
[2025-08-18T01:20:01.615Z] 💾 进度已保存
[2025-08-18T01:20:02.416Z] 
🚗 处理品牌 ID: GWM (7/118)
[2025-08-18T01:20:20.576Z] ✅ 品牌 GWM 完成
[2025-08-18T01:20:20.576Z] 💾 进度已保存
[2025-08-18T01:20:21.376Z] 
🚗 处理品牌 ID: Honda (8/118)
[2025-08-18T01:21:12.474Z] ✅ 品牌 Honda 完成
[2025-08-18T01:21:12.474Z] 💾 进度已保存
[2025-08-18T01:21:13.275Z] 
🚗 处理品牌 ID: Nissan (9/118)
[2025-08-18T01:21:36.696Z] ✅ 品牌 Nissan 完成
[2025-08-18T01:21:36.696Z] 💾 进度已保存
[2025-08-18T01:21:37.497Z] 
🚗 处理品牌 ID: Hyundai (10/118)
[2025-08-18T01:22:00.780Z] ✅ 品牌 Hyundai 完成
[2025-08-18T01:22:00.780Z] 💾 进度已保存
[2025-08-18T01:22:01.581Z] 
🚗 处理品牌 ID: Buick (11/118)
[2025-08-18T01:22:30.494Z] ✅ 品牌 Buick 完成
[2025-08-18T01:22:30.494Z] 💾 进度已保存
[2025-08-18T01:22:31.295Z] 
🚗 处理品牌 ID: Kia (12/118)
[2025-08-18T01:22:56.909Z] ✅ 品牌 Kia 完成
[2025-08-18T01:22:56.909Z] 💾 进度已保存
[2025-08-18T01:22:57.710Z] 
🚗 处理品牌 ID: Jeep (13/118)
[2025-08-18T01:23:10.350Z] ✅ 品牌 Jeep 完成
[2025-08-18T01:23:10.350Z] 💾 进度已保存
[2025-08-18T01:23:11.152Z] 
🚗 处理品牌 ID: Mazda (14/118)
[2025-08-18T01:23:27.858Z] ✅ 品牌 Mazda 完成
[2025-08-18T01:23:27.859Z] 💾 进度已保存
[2025-08-18T01:23:28.660Z] 
🚗 处理品牌 ID: BYD (15/118)
[2025-08-18T01:24:40.797Z] ✅ 品牌 BYD 完成
[2025-08-18T01:24:40.797Z] 💾 进度已保存
[2025-08-18T01:24:41.598Z] 
🚗 处理品牌 ID: Haval (16/118)
[2025-08-18T01:25:06.617Z] ✅ 品牌 Haval 完成
[2025-08-18T01:25:06.617Z] 💾 进度已保存
[2025-08-18T01:25:07.418Z] 
🚗 处理品牌 ID: Chery (17/118)
[2025-08-18T01:26:25.303Z] ✅ 品牌 Chery 完成
[2025-08-18T01:26:25.303Z] 💾 进度已保存
[2025-08-18T01:26:26.104Z] 
🚗 处理品牌 ID: LandRover (18/118)
[2025-08-18T01:26:48.057Z] ✅ 品牌 LandRover 完成
[2025-08-18T01:26:48.057Z] 💾 进度已保存
[2025-08-18T01:26:48.858Z] 
🚗 处理品牌 ID: Porsche (19/118)
[2025-08-18T01:27:13.350Z] ✅ 品牌 Porsche 完成
[2025-08-18T01:27:13.351Z] 💾 进度已保存
[2025-08-18T01:27:14.152Z] 
🚗 处理品牌 ID: Citroen (20/118)
[2025-08-18T01:27:26.633Z] ✅ 品牌 Citroen 完成
[2025-08-18T01:27:26.634Z] 💾 进度已保存
[2025-08-18T01:27:27.434Z] 
🚗 处理品牌 ID: Lexus (21/118)
[2025-08-18T01:27:51.230Z] ✅ 品牌 Lexus 完成
[2025-08-18T01:27:51.230Z] 💾 进度已保存
[2025-08-18T01:27:52.031Z] 
🚗 处理品牌 ID: Skoda (22/118)
[2025-08-18T01:28:08.218Z] ✅ 品牌 Skoda 完成
[2025-08-18T01:28:08.218Z] 💾 进度已保存
[2025-08-18T01:28:09.019Z] 
🚗 处理品牌 ID: Volvo (23/118)
[2025-08-18T01:28:36.047Z] ✅ 品牌 Volvo 完成
[2025-08-18T01:28:36.047Z] 💾 进度已保存
[2025-08-18T01:28:36.848Z] 
🚗 处理品牌 ID: Bestune (24/118)
[2025-08-18T01:29:02.445Z] ✅ 品牌 Bestune 完成
[2025-08-18T01:29:02.445Z] 💾 进度已保存
[2025-08-18T01:29:03.246Z] 
🚗 处理品牌 ID: Infiniti (25/118)
[2025-08-18T01:29:18.705Z] ✅ 品牌 Infiniti 完成
[2025-08-18T01:29:18.705Z] 💾 进度已保存
[2025-08-18T01:29:19.505Z] 
🚗 处理品牌 ID: Cadillac (26/118)
[2025-08-18T01:29:39.249Z] ✅ 品牌 Cadillac 完成
[2025-08-18T01:29:39.249Z] 💾 进度已保存
[2025-08-18T01:29:40.050Z] 
🚗 处理品牌 ID: Jaguar (27/118)
[2025-08-18T01:29:53.140Z] ✅ 品牌 Jaguar 完成
[2025-08-18T01:29:53.140Z] 💾 进度已保存
[2025-08-18T01:29:53.941Z] 
🚗 处理品牌 ID: Subaru (28/118)
[2025-08-18T01:30:08.311Z] ✅ 品牌 Subaru 完成
[2025-08-18T01:30:08.311Z] 💾 进度已保存
[2025-08-18T01:30:09.111Z] 
🚗 处理品牌 ID: MG (29/118)
[2025-08-18T01:30:30.588Z] ✅ 品牌 MG 完成
[2025-08-18T01:30:30.588Z] 💾 进度已保存
[2025-08-18T01:30:31.390Z] 
🚗 处理品牌 ID: Changan (30/118)
[2025-08-18T01:31:14.463Z] ✅ 品牌 Changan 完成
[2025-08-18T01:31:14.463Z] 💾 进度已保存
[2025-08-18T01:31:15.264Z] 
🚗 处理品牌 ID: Roewe (31/118)
[2025-08-18T01:31:41.898Z] ✅ 品牌 Roewe 完成
[2025-08-18T01:31:41.898Z] 💾 进度已保存
[2025-08-18T01:31:42.698Z] 
🚗 处理品牌 ID: Aeolus (32/118)
[2025-08-18T01:32:06.555Z] ✅ 品牌 Aeolus 完成
[2025-08-18T01:32:06.555Z] 💾 进度已保存
[2025-08-18T01:32:07.357Z] 
🚗 处理品牌 ID: Acura (33/118)
[2025-08-18T01:32:37.644Z] ✅ 品牌 Acura 完成
[2025-08-18T01:32:37.645Z] 💾 进度已保存
[2025-08-18T01:32:38.446Z] 
🚗 处理品牌 ID: Wuling (34/118)
[2025-08-18T01:33:32.552Z] ✅ 品牌 Wuling 完成
[2025-08-18T01:33:32.553Z] 💾 进度已保存
[2025-08-18T01:33:33.353Z] 
🚗 处理品牌 ID: Trumpchi (35/118)
[2025-08-18T01:34:03.224Z] ✅ 品牌 Trumpchi 完成
[2025-08-18T01:34:03.224Z] 💾 进度已保存
[2025-08-18T01:34:04.024Z] 
🚗 处理品牌 ID: RollsRoyce (36/118)
[2025-08-18T01:34:20.661Z] ✅ 品牌 RollsRoyce 完成
[2025-08-18T01:34:20.661Z] 💾 进度已保存
[2025-08-18T01:34:21.462Z] 
🚗 处理品牌 ID: Lamborghini (37/118)
[2025-08-18T01:34:35.901Z] ✅ 品牌 Lamborghini 完成
[2025-08-18T01:34:35.902Z] 💾 进度已保存
[2025-08-18T01:34:36.703Z] 
🚗 处理品牌 ID: Ferrari (38/118)
[2025-08-18T01:34:49.690Z] ✅ 品牌 Ferrari 完成
[2025-08-18T01:34:49.690Z] 💾 进度已保存
[2025-08-18T01:34:50.490Z] 
🚗 处理品牌 ID: Maserati (39/118)
[2025-08-18T01:35:11.225Z] ✅ 品牌 Maserati 完成
[2025-08-18T01:35:11.225Z] 💾 进度已保存
[2025-08-18T01:35:12.026Z] 
🚗 处理品牌 ID: Bentley (40/118)
[2025-08-18T01:35:29.721Z] ✅ 品牌 Bentley 完成
[2025-08-18T01:35:29.721Z] 💾 进度已保存
[2025-08-18T01:35:30.522Z] 
🚗 处理品牌 ID: Smart (41/118)
[2025-08-18T01:35:46.097Z] ✅ 品牌 Smart 完成
[2025-08-18T01:35:46.097Z] 💾 进度已保存
[2025-08-18T01:35:46.897Z] 
🚗 处理品牌 ID: AlfaRomeo (42/118)
[2025-08-18T01:35:59.317Z] ✅ 品牌 AlfaRomeo 完成
[2025-08-18T01:35:59.318Z] 💾 进度已保存
[2025-08-18T01:36:00.119Z] 
🚗 处理品牌 ID: BJSUV (43/118)
[2025-08-18T01:36:18.828Z] ✅ 品牌 BJSUV 完成
[2025-08-18T01:36:18.828Z] 💾 进度已保存
[2025-08-18T01:36:19.628Z] 
🚗 处理品牌 ID: Hama (44/118)
[2025-08-18T01:36:33.981Z] ✅ 品牌 Hama 完成
[2025-08-18T01:36:33.981Z] 💾 进度已保存
[2025-08-18T01:36:34.782Z] 
🚗 处理品牌 ID: DS (45/118)
[2025-08-18T01:36:50.323Z] ✅ 品牌 DS 完成
[2025-08-18T01:36:50.323Z] 💾 进度已保存
[2025-08-18T01:36:51.124Z] 
🚗 处理品牌 ID: Foton (46/118)
[2025-08-18T01:37:28.344Z] ✅ 品牌 Foton 完成
[2025-08-18T01:37:28.344Z] 💾 进度已保存
[2025-08-18T01:37:29.145Z] 
🚗 处理品牌 ID: Hongqi (47/118)
[2025-08-18T01:38:12.096Z] ✅ 品牌 Hongqi 完成
[2025-08-18T01:38:12.096Z] 💾 进度已保存
[2025-08-18T01:38:12.897Z] 
🚗 处理品牌 ID: Peugeot (48/118)
[2025-08-18T01:38:29.157Z] ✅ 品牌 Peugeot 完成
[2025-08-18T01:38:29.158Z] 💾 进度已保存
[2025-08-18T01:38:29.959Z] 
🚗 处理品牌 ID: Lincoln (49/118)
[2025-08-18T01:38:47.030Z] ✅ 品牌 Lincoln 完成
[2025-08-18T01:38:47.030Z] 💾 进度已保存
[2025-08-18T01:38:47.831Z] 
🚗 处理品牌 ID: Tesla (50/118)
[2025-08-18T01:39:03.072Z] ✅ 品牌 Tesla 完成
[2025-08-18T01:39:03.072Z] 💾 进度已保存
[2025-08-18T01:39:03.873Z] 
🚗 处理品牌 ID: Mini (51/118)
[2025-08-18T01:39:20.570Z] ✅ 品牌 Mini 完成
[2025-08-18T01:39:20.571Z] 💾 进度已保存
[2025-08-18T01:39:21.372Z] 
🚗 处理品牌 ID: Wey (52/118)
[2025-08-18T01:39:37.590Z] ✅ 品牌 Wey 完成
[2025-08-18T01:39:37.590Z] 💾 进度已保存
[2025-08-18T01:39:38.390Z] 
🚗 处理品牌 ID: FAW (53/118)
[2025-08-18T01:39:49.622Z] ✅ 品牌 FAW 完成
[2025-08-18T01:39:49.622Z] 💾 进度已保存
[2025-08-18T01:39:50.423Z] 
🚗 处理品牌 ID: BAIC (54/118)
[2025-08-18T01:40:10.479Z] ✅ 品牌 BAIC 完成
[2025-08-18T01:40:10.479Z] 💾 进度已保存
[2025-08-18T01:40:11.280Z] 
🚗 处理品牌 ID: Forthing (55/118)
[2025-08-18T01:40:41.403Z] ✅ 品牌 Forthing 完成
[2025-08-18T01:40:41.404Z] 💾 进度已保存
[2025-08-18T01:40:42.205Z] 
🚗 处理品牌 ID: Geely (56/118)
[2025-08-18T01:41:10.302Z] ✅ 品牌 Geely 完成
[2025-08-18T01:41:10.302Z] 💾 进度已保存
[2025-08-18T01:41:11.102Z] 
🚗 处理品牌 ID: BAW (57/118)
[2025-08-18T01:41:38.301Z] ✅ 品牌 BAW 完成
[2025-08-18T01:41:38.302Z] 💾 进度已保存
[2025-08-18T01:41:39.103Z] 
🚗 处理品牌 ID: AstonMartin (58/118)
[2025-08-18T01:41:58.314Z] ✅ 品牌 AstonMartin 完成
[2025-08-18T01:41:58.314Z] 💾 进度已保存
[2025-08-18T01:41:59.115Z] 
🚗 处理品牌 ID: Koenigsegg (59/118)
[2025-08-18T01:42:09.031Z] ✅ 品牌 Koenigsegg 完成
[2025-08-18T01:42:09.031Z] 💾 进度已保存
[2025-08-18T01:42:09.831Z] 
🚗 处理品牌 ID: Lotus (60/118)
[2025-08-18T01:42:22.485Z] ✅ 品牌 Lotus 完成
[2025-08-18T01:42:22.486Z] 💾 进度已保存
[2025-08-18T01:42:23.287Z] 
🚗 处理品牌 ID: McLaren (61/118)
[2025-08-18T01:42:33.348Z] ✅ 品牌 McLaren 完成
[2025-08-18T01:42:33.348Z] 💾 进度已保存
[2025-08-18T01:42:34.149Z] 
🚗 处理品牌 ID: Dongfeng (62/118)
[2025-08-18T01:42:58.238Z] ✅ 品牌 Dongfeng 完成
[2025-08-18T01:42:58.238Z] 💾 进度已保存
[2025-08-18T01:42:59.039Z] 
🚗 处理品牌 ID: Fengon (63/118)
[2025-08-18T01:43:22.618Z] ✅ 品牌 Fengon 完成
[2025-08-18T01:43:22.619Z] 💾 进度已保存
[2025-08-18T01:43:23.420Z] 
🚗 处理品牌 ID: GMC (64/118)
[2025-08-18T01:43:36.875Z] ✅ 品牌 GMC 完成
[2025-08-18T01:43:36.875Z] 💾 进度已保存
[2025-08-18T01:43:37.676Z] 
🚗 处理品牌 ID: JMC (65/118)
[2025-08-18T01:43:59.661Z] ✅ 品牌 JMC 完成
[2025-08-18T01:43:59.661Z] 💾 进度已保存
[2025-08-18T01:44:00.462Z] 
🚗 处理品牌 ID: Nio (66/118)
[2025-08-18T01:44:04.525Z] ✅ 品牌 Nio 完成
[2025-08-18T01:44:04.526Z] 💾 进度已保存
[2025-08-18T01:44:05.327Z] 
🚗 处理品牌 ID: Kaiyi (67/118)
[2025-08-18T01:44:23.337Z] ✅ 品牌 Kaiyi 完成
[2025-08-18T01:44:23.337Z] 💾 进度已保存
[2025-08-18T01:44:24.138Z] 
🚗 处理品牌 ID: Denza (68/118)
[2025-08-18T01:44:42.706Z] ✅ 品牌 Denza 完成
[2025-08-18T01:44:42.706Z] 💾 进度已保存
[2025-08-18T01:44:43.507Z] 
🚗 处理品牌 ID: Kaicene (69/118)
[2025-08-18T01:45:03.621Z] ✅ 品牌 Kaicene 完成
[2025-08-18T01:45:03.621Z] 💾 进度已保存
[2025-08-18T01:45:04.422Z] 
🚗 处理品牌 ID: LynkCo (70/118)
[2025-08-18T01:45:32.435Z] ✅ 品牌 LynkCo 完成
[2025-08-18T01:45:32.435Z] 💾 进度已保存
[2025-08-18T01:45:33.236Z] 
🚗 处理品牌 ID: Arcfox (71/118)
[2025-08-18T01:45:53.861Z] ✅ 品牌 Arcfox 完成
[2025-08-18T01:45:53.861Z] 💾 进度已保存
[2025-08-18T01:45:54.661Z] 
🚗 处理品牌 ID: Polestar (72/118)
[2025-08-18T01:46:08.270Z] ✅ 品牌 Polestar 完成
[2025-08-18T01:46:08.270Z] 💾 进度已保存
[2025-08-18T01:46:09.070Z] 
🚗 处理品牌 ID: Neta (73/118)
[2025-08-18T01:46:30.754Z] ✅ 品牌 Neta 完成
[2025-08-18T01:46:30.754Z] 💾 进度已保存
[2025-08-18T01:46:31.554Z] 
🚗 处理品牌 ID: LiAuto (74/118)
[2025-08-18T01:46:47.043Z] ✅ 品牌 LiAuto 完成
[2025-08-18T01:46:47.043Z] 💾 进度已保存
[2025-08-18T01:46:47.843Z] 
🚗 处理品牌 ID: Leapmotor (75/118)
[2025-08-18T01:47:06.403Z] ✅ 品牌 Leapmotor 完成
[2025-08-18T01:47:06.403Z] 💾 进度已保存
[2025-08-18T01:47:07.202Z] 
🚗 处理品牌 ID: Jetour (76/118)
[2025-08-18T01:47:57.256Z] ✅ 品牌 Jetour 完成
[2025-08-18T01:47:57.256Z] 💾 进度已保存
[2025-08-18T01:47:58.058Z] 
🚗 处理品牌 ID: Kuayue (77/118)
[2025-08-18T01:48:18.207Z] ✅ 品牌 Kuayue 完成
[2025-08-18T01:48:18.207Z] 💾 进度已保存
[2025-08-18T01:48:19.008Z] 
🚗 处理品牌 ID: Ora (78/118)
[2025-08-18T01:48:35.076Z] ✅ 品牌 Ora 完成
[2025-08-18T01:48:35.076Z] 💾 进度已保存
[2025-08-18T01:48:35.877Z] 
🚗 处理品牌 ID: Aion (79/118)
[2025-08-18T01:48:53.635Z] ✅ 品牌 Aion 完成
[2025-08-18T01:48:53.635Z] 💾 进度已保存
[2025-08-18T01:48:54.436Z] 
🚗 处理品牌 ID: Jetta (80/118)
[2025-08-18T01:49:08.940Z] ✅ 品牌 Jetta 完成
[2025-08-18T01:49:08.940Z] 💾 进度已保存
[2025-08-18T01:49:09.740Z] 
🚗 处理品牌 ID: Geome (81/118)
[2025-08-18T01:49:27.246Z] ✅ 品牌 Geome 完成
[2025-08-18T01:49:27.246Z] 💾 进度已保存
[2025-08-18T01:49:28.047Z] 
🚗 处理品牌 ID: Genesis (82/118)
[2025-08-18T01:49:44.857Z] ✅ 品牌 Genesis 完成
[2025-08-18T01:49:44.857Z] 💾 进度已保存
[2025-08-18T01:49:45.658Z] 
🚗 处理品牌 ID: Hycan (83/118)
[2025-08-18T01:49:58.107Z] ✅ 品牌 Hycan 完成
[2025-08-18T01:49:58.107Z] 💾 进度已保存
[2025-08-18T01:49:58.909Z] 
🚗 处理品牌 ID: Baojun (84/118)
[2025-08-18T01:50:19.826Z] ✅ 品牌 Baojun 完成
[2025-08-18T01:50:19.826Z] 💾 进度已保存
[2025-08-18T01:50:20.627Z] 
🚗 处理品牌 ID: Skyworth (85/118)
[2025-08-18T01:50:36.858Z] ✅ 品牌 Skyworth 完成
[2025-08-18T01:50:36.858Z] 💾 进度已保存
[2025-08-18T01:50:37.658Z] 
🚗 处理品牌 ID: Livan (86/118)
[2025-08-18T01:50:57.096Z] ✅ 品牌 Livan 完成
[2025-08-18T01:50:57.096Z] 💾 进度已保存
[2025-08-18T01:50:57.896Z] 
🚗 处理品牌 ID: Voyah (87/118)
[2025-08-18T01:51:14.911Z] ✅ 品牌 Voyah 完成
[2025-08-18T01:51:14.912Z] 💾 进度已保存
[2025-08-18T01:51:15.713Z] 
🚗 处理品牌 ID: Hengchi (88/118)
[2025-08-18T01:51:25.850Z] ✅ 品牌 Hengchi 完成
[2025-08-18T01:51:25.850Z] 💾 进度已保存
[2025-08-18T01:51:26.651Z] 
🚗 处理品牌 ID: RisingAuto (89/118)
[2025-08-18T01:51:39.934Z] ✅ 品牌 RisingAuto 完成
[2025-08-18T01:51:39.934Z] 💾 进度已保存
[2025-08-18T01:51:40.735Z] 
🚗 处理品牌 ID: Nami (90/118)
[2025-08-18T01:51:50.869Z] ✅ 品牌 Nami 完成
[2025-08-18T01:51:50.869Z] 💾 进度已保存
[2025-08-18T01:51:51.669Z] 
🚗 处理品牌 ID: IM (91/118)
[2025-08-18T01:52:04.379Z] ✅ 品牌 IM 完成
[2025-08-18T01:52:04.379Z] 💾 进度已保存
[2025-08-18T01:52:05.180Z] 
🚗 处理品牌 ID: Tank (92/118)
[2025-08-18T01:52:24.744Z] ✅ 品牌 Tank 完成
[2025-08-18T01:52:24.744Z] 💾 进度已保存
[2025-08-18T01:52:25.544Z] 
🚗 处理品牌 ID: Zeekr (93/118)
[2025-08-18T01:52:42.840Z] ✅ 品牌 Zeekr 完成
[2025-08-18T01:52:42.841Z] 💾 进度已保存
[2025-08-18T01:52:43.642Z] 
🚗 处理品牌 ID: Avatr (94/118)
[2025-08-18T01:52:56.905Z] ✅ 品牌 Avatr 完成
[2025-08-18T01:52:56.905Z] 💾 进度已保存
[2025-08-18T01:52:57.705Z] 
🚗 处理品牌 ID: Aito (95/118)
[2025-08-18T01:53:12.008Z] ✅ 品牌 Aito 完成
[2025-08-18T01:53:12.008Z] 💾 进度已保存
[2025-08-18T01:53:12.809Z] 
🚗 处理品牌 ID: Deepal (96/118)
[2025-08-18T01:53:28.639Z] ✅ 品牌 Deepal 完成
[2025-08-18T01:53:28.639Z] 💾 进度已保存
[2025-08-18T01:53:29.440Z] 
🚗 处理品牌 ID: Mhero (97/118)
[2025-08-18T01:53:40.196Z] ✅ 品牌 Mhero 完成
[2025-08-18T01:53:40.196Z] 💾 进度已保存
[2025-08-18T01:53:40.998Z] 
🚗 处理品牌 ID: Yangwang (98/118)
[2025-08-18T01:53:51.457Z] ✅ 品牌 Yangwang 完成
[2025-08-18T01:53:51.457Z] 💾 进度已保存
[2025-08-18T01:53:52.257Z] 
🚗 处理品牌 ID: GeelyGalaxy (99/118)
[2025-08-18T01:54:16.096Z] ✅ 品牌 GeelyGalaxy 完成
[2025-08-18T01:54:16.096Z] 💾 进度已保存
[2025-08-18T01:54:16.897Z] 
🚗 处理品牌 ID: FormulaLeopard (100/118)
[2025-08-18T01:54:28.862Z] ✅ 品牌 FormulaLeopard 完成
[2025-08-18T01:54:28.862Z] 💾 进度已保存
[2025-08-18T01:54:29.662Z] 
🚗 处理品牌 ID: Landian (101/118)
[2025-08-18T01:54:41.896Z] ✅ 品牌 Landian 完成
[2025-08-18T01:54:41.896Z] 💾 进度已保存
[2025-08-18T01:54:42.697Z] 
🚗 处理品牌 ID: ChanganNevo (102/118)
[2025-08-18T01:55:01.227Z] ✅ 品牌 ChanganNevo 完成
[2025-08-18T01:55:01.227Z] 💾 进度已保存
[2025-08-18T01:55:02.029Z] 
🚗 处理品牌 ID: Rox (103/118)
[2025-08-18T01:55:16.617Z] ✅ 品牌 Rox 完成
[2025-08-18T01:55:16.617Z] 💾 进度已保存
[2025-08-18T01:55:17.417Z] 
🚗 处理品牌 ID: Hyper (104/118)
[2025-08-18T01:55:30.446Z] ✅ 品牌 Hyper 完成
[2025-08-18T01:55:30.446Z] 💾 进度已保存
[2025-08-18T01:55:31.246Z] 
🚗 处理品牌 ID: Luxeed (105/118)
[2025-08-18T01:55:42.804Z] ✅ 品牌 Luxeed 完成
[2025-08-18T01:55:42.804Z] 💾 进度已保存
[2025-08-18T01:55:43.605Z] 
🚗 处理品牌 ID: eπ (106/118)
[2025-08-18T01:55:55.415Z] ✅ 品牌 eπ 完成
[2025-08-18T01:55:55.415Z] 💾 进度已保存
[2025-08-18T01:55:56.217Z] 
🚗 处理品牌 ID: iCAR (107/118)
[2025-08-18T01:56:07.622Z] ✅ 品牌 iCAR 完成
[2025-08-18T01:56:07.623Z] 💾 进度已保存
[2025-08-18T01:56:08.424Z] 
🚗 处理品牌 ID: Onvo (108/118)
[2025-08-18T01:56:19.391Z] ✅ 品牌 Onvo 完成
[2025-08-18T01:56:19.391Z] 💾 进度已保存
[2025-08-18T01:56:20.192Z] 
🚗 处理品牌 ID: 212 (109/118)
[2025-08-18T01:56:29.628Z] ✅ 品牌 212 完成
[2025-08-18T01:56:29.628Z] 💾 进度已保存
[2025-08-18T01:56:30.430Z] 
🚗 处理品牌 ID: Maextro (110/118)
[2025-08-18T01:56:40.466Z] ✅ 品牌 Maextro 完成
[2025-08-18T01:56:40.466Z] 💾 进度已保存
[2025-08-18T01:56:41.266Z] 
🚗 处理品牌 ID: Firefly (111/118)
[2025-08-18T01:56:53.064Z] ✅ 品牌 Firefly 完成
[2025-08-18T01:56:53.064Z] 💾 进度已保存
[2025-08-18T01:56:53.865Z] 
🚗 处理品牌 ID: JAC (112/118)
[2025-08-18T01:57:18.471Z] ✅ 品牌 JAC 完成
[2025-08-18T01:57:18.471Z] 💾 进度已保存
[2025-08-18T01:57:19.272Z] 
🚗 处理品牌 ID: Nezha (113/118)
[2025-08-18T01:57:47.458Z] ✅ 品牌 Nezha 完成
[2025-08-18T01:57:47.459Z] 💾 进度已保存
[2025-08-18T01:57:48.260Z] 
🚗 处理品牌 ID: Opel (114/118)
[2025-08-18T01:58:14.616Z] ✅ 品牌 Opel 完成
[2025-08-18T01:58:14.616Z] 💾 进度已保存
[2025-08-18T01:58:15.417Z] 
🚗 处理品牌 ID: Qoros (115/118)
[2025-08-18T01:58:25.869Z] ✅ 品牌 Qoros 完成
[2025-08-18T01:58:25.869Z] 💾 进度已保存
[2025-08-18T01:58:26.670Z] 
🚗 处理品牌 ID: Renault (116/118)
[2025-08-18T01:58:42.535Z] ✅ 品牌 Renault 完成
[2025-08-18T01:58:42.536Z] 💾 进度已保存
[2025-08-18T01:58:43.337Z] 
🚗 处理品牌 ID: Suzuki (117/118)
[2025-08-18T01:59:07.017Z] ✅ 品牌 Suzuki 完成
[2025-08-18T01:59:07.018Z] 💾 进度已保存
[2025-08-18T01:59:07.819Z] 
🚗 处理品牌 ID: Xpeng (118/118)
[2025-08-18T01:59:26.547Z] ✅ 品牌 Xpeng 完成
[2025-08-18T01:59:26.547Z] 💾 进度已保存
[2025-08-18T01:59:27.348Z] 
🎉 数据同步任务完成!
[2025-08-18T01:59:27.349Z] ⏱️  总耗时: 2740 秒
[2025-08-18T01:59:27.349Z] ✅ 成功: 118 个品牌
[2025-08-18T01:59:27.349Z] ❌ 失败: 0 个品牌
[2025-08-18T01:59:27.350Z] 📊 执行报告已保存: /home/runner/work/Car-Quote/Car-Quote/data-processor/weekly-report-2025-08-18.json
